This file contains any messages produced by compilers while
running configure, to aid debugging if configure makes a mistake.

It was created by dns_sift configure 0.1, which was
generated by GNU Autoconf 2.69.  Invocation command line was

  $ ./configure 

## --------- ##
## Platform. ##
## --------- ##

hostname = ordinateur
uname -m = x86_64
uname -r = 3.13.0-46-generic
uname -s = Linux
uname -v = #79-Ubuntu SMP Tue Mar 10 20:06:50 UTC 2015

/usr/bin/uname -p = unknown
/bin/uname -X     = unknown

/bin/arch              = unknown
/usr/bin/arch -k       = unknown
/usr/convex/getsysinfo = unknown
/usr/bin/hostinfo      = unknown
/bin/machine           = unknown
/usr/bin/oslevel       = unknown
/bin/universe          = unknown

PATH: /usr/local/sbin
PATH: /usr/local/bin
PATH: /usr/sbin
PATH: /usr/bin
PATH: /sbin
PATH: /bin
PATH: /usr/games
PATH: /usr/local/games


## ----------- ##
## Core tests. ##
## ----------- ##

configure:2328: checking for gcc
configure:2344: found /usr/bin/gcc
configure:2355: result: gcc
configure:2584: checking for C compiler version
configure:2593: gcc --version >&5
gcc (Ubuntu 4.8.4-2ubuntu1~14.04) 4.8.4
Copyright (C) 2013 Free Software Foundation, Inc.
This is free software; see the source for copying conditions.  There is NO
warranty; not even for MERCHANTABILITY or FITNESS FOR A PARTICULAR PURPOSE.

configure:2604: $? = 0
configure:2593: gcc -v >&5
Using built-in specs.
COLLECT_GCC=gcc
COLLECT_LTO_WRAPPER=/usr/lib/gcc/x86_64-linux-gnu/4.8/lto-wrapper
Target: x86_64-linux-gnu
Configured with: ../src/configure -v --with-pkgversion='Ubuntu 4.8.4-2ubuntu1~14.04' --with-bugurl=file:///usr/share/doc/gcc-4.8/README.Bugs --enable-languages=c,c++,java,go,d,fortran,objc,obj-c++ --prefix=/usr --program-suffix=-4.8 --enable-shared --enable-linker-build-id --libexecdir=/usr/lib --without-included-gettext --enable-threads=posix --with-gxx-include-dir=/usr/include/c++/4.8 --libdir=/usr/lib --enable-nls --with-sysroot=/ --enable-clocale=gnu --enable-libstdcxx-debug --enable-libstdcxx-time=yes --enable-gnu-unique-object --disable-libmudflap --enable-plugin --with-system-zlib --disable-browser-plugin --enable-java-awt=gtk --enable-gtk-cairo --with-java-home=/usr/lib/jvm/java-1.5.0-gcj-4.8-amd64/jre --enable-java-home --with-jvm-root-dir=/usr/lib/jvm/java-1.5.0-gcj-4.8-amd64 --with-jvm-jar-dir=/usr/lib/jvm-exports/java-1.5.0-gcj-4.8-amd64 --with-arch-directory=amd64 --with-ecj-jar=/usr/share/java/eclipse-ecj.jar --enable-objc-gc --enable-multiarch --disable-werror --with-arch-32=i686 --with-abi=m64 --with-multilib-list=m32,m64,mx32 --with-tune=generic --enable-checking=release --build=x86_64-linux-gnu --host=x86_64-linux-gnu --target=x86_64-linux-gnu
Thread model: posix
gcc version 4.8.4 (Ubuntu 4.8.4-2ubuntu1~14.04) 
configure:2604: $? = 0
configure:2593: gcc -V >&5
gcc: error: unrecognized command line option '-V'
gcc: fatal error: no input files
compilation terminated.
configure:2604: $? = 4
configure:2593: gcc -qversion >&5
gcc: error: unrecognized command line option '-qversion'
gcc: fatal error: no input files
compilation terminated.
configure:2604: $? = 4
configure:2624: checking whether the C compiler works
configure:2646: gcc    conftest.c  >&5
configure:2650: $? = 0
configure:2698: result: yes
configure:2701: checking for C compiler default output file name
configure:2703: result: a.out
configure:2709: checking for suffix of executables
configure:2716: gcc -o conftest    conftest.c  >&5
configure:2720: $? = 0
configure:2742: result: 
configure:2764: checking whether we are cross compiling
configure:2772: gcc -o conftest    conftest.c  >&5
configure:2776: $? = 0
configure:2783: ./conftest
configure:2787: $? = 0
configure:2802: result: no
configure:2807: checking for suffix of object files
configure:2829: gcc -c   conftest.c >&5
configure:2833: $? = 0
configure:2854: result: o
configure:2858: checking whether we are using the GNU C compiler
configure:2877: gcc -c   conftest.c >&5
configure:2877: $? = 0
configure:2886: result: yes
configure:2895: checking whether gcc accepts -g
configure:2915: gcc -c -g  conftest.c >&5
configure:2915: $? = 0
configure:2956: result: yes
configure:2973: checking for gcc option to accept ISO C89
configure:3036: gcc  -c -g -O2  conftest.c >&5
configure:3036: $? = 0
configure:3049: result: none needed
configure:3112: checking for a BSD-compatible install
configure:3180: result: /usr/bin/install -c
configure:3191: checking whether ln -s works
configure:3195: result: yes
configure:3205: checking for nfq_open in -lnetfilter_queue
configure:3230: gcc -o conftest -g -O2   conftest.c -lnetfilter_queue   >&5
configure:3230: $? = 0
configure:3239: result: yes
configure:3262: checking how to run the C preprocessor
configure:3293: gcc -E  conftest.c
configure:3293: $? = 0
configure:3307: gcc -E  conftest.c
conftest.c:10:28: fatal error: ac_nonexistent.h: No such file or directory
 #include <ac_nonexistent.h>
                            ^
compilation terminated.
configure:3307: $? = 1
configure: failed program was:
| /* confdefs.h */
| #define PACKAGE_NAME "dns_sift"
| #define PACKAGE_TARNAME "dns_sift"
| #define PACKAGE_VERSION "0.1"
| #define PACKAGE_STRING "dns_sift 0.1"
| #define PACKAGE_BUGREPORT "theogenebucuti@my.unt.edu"
| #define PACKAGE_URL ""
| #define HAVE_LIBNETFILTER_QUEUE 1
| /* end confdefs.h.  */
| #include <ac_nonexistent.h>
configure:3332: result: gcc -E
configure:3352: gcc -E  conftest.c
configure:3352: $? = 0
configure:3366: gcc -E  conftest.c
conftest.c:10:28: fatal error: ac_nonexistent.h: No such file or directory
 #include <ac_nonexistent.h>
                            ^
compilation terminated.
configure:3366: $? = 1
configure: failed program was:
| /* confdefs.h */
| #define PACKAGE_NAME "dns_sift"
| #define PACKAGE_TARNAME "dns_sift"
| #define PACKAGE_VERSION "0.1"
| #define PACKAGE_STRING "dns_sift 0.1"
| #define PACKAGE_BUGREPORT "theogenebucuti@my.unt.edu"
| #define PACKAGE_URL ""
| #define HAVE_LIBNETFILTER_QUEUE 1
| /* end confdefs.h.  */
| #include <ac_nonexistent.h>
configure:3395: checking for grep that handles long lines and -e
configure:3453: result: /bin/grep
configure:3458: checking for egrep
configure:3520: result: /bin/grep -E
configure:3525: checking for ANSI C header files
configure:3545: gcc -c -g -O2  conftest.c >&5
configure:3545: $? = 0
configure:3618: gcc -o conftest -g -O2   conftest.c -lnetfilter_queue  >&5
configure:3618: $? = 0
configure:3618: ./conftest
configure:3618: $? = 0
configure:3629: result: yes
configure:3642: checking for sys/types.h
configure:3642: gcc -c -g -O2  conftest.c >&5
configure:3642: $? = 0
configure:3642: result: yes
configure:3642: checking for sys/stat.h
configure:3642: gcc -c -g -O2  conftest.c >&5
configure:3642: $? = 0
configure:3642: result: yes
configure:3642: checking for stdlib.h
configure:3642: gcc -c -g -O2  conftest.c >&5
configure:3642: $? = 0
configure:3642: result: yes
configure:3642: checking for string.h
configure:3642: gcc -c -g -O2  conftest.c >&5
configure:3642: $? = 0
configure:3642: result: yes
configure:3642: checking for memory.h
configure:3642: gcc -c -g -O2  conftest.c >&5
configure:3642: $? = 0
configure:3642: result: yes
configure:3642: checking for strings.h
configure:3642: gcc -c -g -O2  conftest.c >&5
configure:3642: $? = 0
configure:3642: result: yes
configure:3642: checking for inttypes.h
configure:3642: gcc -c -g -O2  conftest.c >&5
configure:3642: $? = 0
configure:3642: result: yes
configure:3642: checking for stdint.h
configure:3642: gcc -c -g -O2  conftest.c >&5
configure:3642: $? = 0
configure:3642: result: yes
configure:3642: checking for unistd.h
configure:3642: gcc -c -g -O2  conftest.c >&5
configure:3642: $? = 0
configure:3642: result: yes
configure:3657: checking netinet/ip.h usability
configure:3657: gcc -c -g -O2  conftest.c >&5
configure:3657: $? = 0
configure:3657: result: yes
configure:3657: checking netinet/ip.h presence
configure:3657: gcc -E  conftest.c
configure:3657: $? = 0
configure:3657: result: yes
configure:3657: checking for netinet/ip.h
configure:3657: result: yes
configure:3657: checking linux/netfilter.h usability
configure:3657: gcc -c -g -O2  conftest.c >&5
In file included from conftest.c:54:0:
/usr/include/linux/netfilter.h:66:17: error: field 'in' has incomplete type
  struct in_addr in;
                 ^
/usr/include/linux/netfilter.h:67:18: error: field 'in6' has incomplete type
  struct in6_addr in6;
                  ^
configure:3657: $? = 1
configure: failed program was:
| /* confdefs.h */
| #define PACKAGE_NAME "dns_sift"
| #define PACKAGE_TARNAME "dns_sift"
| #define PACKAGE_VERSION "0.1"
| #define PACKAGE_STRING "dns_sift 0.1"
| #define PACKAGE_BUGREPORT "theogenebucuti@my.unt.edu"
| #define PACKAGE_URL ""
| #define HAVE_LIBNETFILTER_QUEUE 1
| #define STDC_HEADERS 1
| #define HAVE_SYS_TYPES_H 1
| #define HAVE_SYS_STAT_H 1
| #define HAVE_STDLIB_H 1
| #define HAVE_STRING_H 1
| #define HAVE_MEMORY_H 1
| #define HAVE_STRINGS_H 1
| #define HAVE_INTTYPES_H 1
| #define HAVE_STDINT_H 1
| #define HAVE_UNISTD_H 1
| #define HAVE_NETINET_IP_H 1
| /* end confdefs.h.  */
| #include <stdio.h>
| #ifdef HAVE_SYS_TYPES_H
| # include <sys/types.h>
| #endif
| #ifdef HAVE_SYS_STAT_H
| # include <sys/stat.h>
| #endif
| #ifdef STDC_HEADERS
| # include <stdlib.h>
| # include <stddef.h>
| #else
| # ifdef HAVE_STDLIB_H
| #  include <stdlib.h>
| # endif
| #endif
| #ifdef HAVE_STRING_H
| # if !defined STDC_HEADERS && defined HAVE_MEMORY_H
| #  include <memory.h>
| # endif
| # include <string.h>
| #endif
| #ifdef HAVE_STRINGS_H
| # include <strings.h>
| #endif
| #ifdef HAVE_INTTYPES_H
| # include <inttypes.h>
| #endif
| #ifdef HAVE_STDINT_H
| # include <stdint.h>
| #endif
| #ifdef HAVE_UNISTD_H
| # include <unistd.h>
| #endif
| #include <linux/netfilter.h>
configure:3657: result: no
configure:3657: checking linux/netfilter.h presence
configure:3657: gcc -E  conftest.c
configure:3657: $? = 0
configure:3657: result: yes
configure:3657: WARNING: linux/netfilter.h: present but cannot be compiled
configure:3657: WARNING: linux/netfilter.h:     check for missing prerequisite headers?
configure:3657: WARNING: linux/netfilter.h: see the Autoconf documentation
configure:3657: WARNING: linux/netfilter.h:     section "Present But Cannot Be Compiled"
configure:3657: WARNING: linux/netfilter.h: proceeding with the compiler's result
configure:3657: checking for linux/netfilter.h
configure:3657: result: no
configure:3657: checking for stdint.h
configure:3657: result: yes
configure:3669: checking for int32_t
configure:3669: gcc -c -g -O2  conftest.c >&5
configure:3669: $? = 0
configure:3669: gcc -c -g -O2  conftest.c >&5
conftest.c: In function 'main':
conftest.c:60:53: warning: integer overflow in expression [-Woverflow]
    < (int32_t) (((((int32_t) 1 << N) << N) - 1) * 2 + 2))];
                                                     ^
conftest.c:59:12: error: storage size of 'test_array' isn't constant
 static int test_array [1 - 2 * !((int32_t) (((((int32_t) 1 << N) << N) - 1) * 2 + 1)
            ^
configure:3669: $? = 1
configure: failed program was:
| /* confdefs.h */
| #define PACKAGE_NAME "dns_sift"
| #define PACKAGE_TARNAME "dns_sift"
| #define PACKAGE_VERSION "0.1"
| #define PACKAGE_STRING "dns_sift 0.1"
| #define PACKAGE_BUGREPORT "theogenebucuti@my.unt.edu"
| #define PACKAGE_URL ""
| #define HAVE_LIBNETFILTER_QUEUE 1
| #define STDC_HEADERS 1
| #define HAVE_SYS_TYPES_H 1
| #define HAVE_SYS_STAT_H 1
| #define HAVE_STDLIB_H 1
| #define HAVE_STRING_H 1
| #define HAVE_MEMORY_H 1
| #define HAVE_STRINGS_H 1
| #define HAVE_INTTYPES_H 1
| #define HAVE_STDINT_H 1
| #define HAVE_UNISTD_H 1
| #define HAVE_NETINET_IP_H 1
| #define HAVE_STDINT_H 1
| /* end confdefs.h.  */
| #include <stdio.h>
| #ifdef HAVE_SYS_TYPES_H
| # include <sys/types.h>
| #endif
| #ifdef HAVE_SYS_STAT_H
| # include <sys/stat.h>
| #endif
| #ifdef STDC_HEADERS
| # include <stdlib.h>
| # include <stddef.h>
| #else
| # ifdef HAVE_STDLIB_H
| #  include <stdlib.h>
| # endif
| #endif
| #ifdef HAVE_STRING_H
| # if !defined STDC_HEADERS && defined HAVE_MEMORY_H
| #  include <memory.h>
| # endif
| # include <string.h>
| #endif
| #ifdef HAVE_STRINGS_H
| # include <strings.h>
| #endif
| #ifdef HAVE_INTTYPES_H
| # include <inttypes.h>
| #endif
| #ifdef HAVE_STDINT_H
| # include <stdint.h>
| #endif
| #ifdef HAVE_UNISTD_H
| # include <unistd.h>
| #endif
| 	        enum { N = 32 / 2 - 1 };
| int
| main ()
| {
| static int test_array [1 - 2 * !((int32_t) (((((int32_t) 1 << N) << N) - 1) * 2 + 1)
| 		 < (int32_t) (((((int32_t) 1 << N) << N) - 1) * 2 + 2))];
| test_array [0] = 0;
| return test_array [0];
| 
|   ;
|   return 0;
| }
configure:3669: result: yes
configure:3680: checking for size_t
configure:3680: gcc -c -g -O2  conftest.c >&5
configure:3680: $? = 0
configure:3680: gcc -c -g -O2  conftest.c >&5
conftest.c: In function 'main':
conftest.c:58:21: error: expected expression before ')' token
 if (sizeof ((size_t)))
                     ^
configure:3680: $? = 1
configure: failed program was:
| /* confdefs.h */
| #define PACKAGE_NAME "dns_sift"
| #define PACKAGE_TARNAME "dns_sift"
| #define PACKAGE_VERSION "0.1"
| #define PACKAGE_STRING "dns_sift 0.1"
| #define PACKAGE_BUGREPORT "theogenebucuti@my.unt.edu"
| #define PACKAGE_URL ""
| #define HAVE_LIBNETFILTER_QUEUE 1
| #define STDC_HEADERS 1
| #define HAVE_SYS_TYPES_H 1
| #define HAVE_SYS_STAT_H 1
| #define HAVE_STDLIB_H 1
| #define HAVE_STRING_H 1
| #define HAVE_MEMORY_H 1
| #define HAVE_STRINGS_H 1
| #define HAVE_INTTYPES_H 1
| #define HAVE_STDINT_H 1
| #define HAVE_UNISTD_H 1
| #define HAVE_NETINET_IP_H 1
| #define HAVE_STDINT_H 1
| /* end confdefs.h.  */
| #include <stdio.h>
| #ifdef HAVE_SYS_TYPES_H
| # include <sys/types.h>
| #endif
| #ifdef HAVE_SYS_STAT_H
| # include <sys/stat.h>
| #endif
| #ifdef STDC_HEADERS
| # include <stdlib.h>
| # include <stddef.h>
| #else
| # ifdef HAVE_STDLIB_H
| #  include <stdlib.h>
| # endif
| #endif
| #ifdef HAVE_STRING_H
| # if !defined STDC_HEADERS && defined HAVE_MEMORY_H
| #  include <memory.h>
| # endif
| # include <string.h>
| #endif
| #ifdef HAVE_STRINGS_H
| # include <strings.h>
| #endif
| #ifdef HAVE_INTTYPES_H
| # include <inttypes.h>
| #endif
| #ifdef HAVE_STDINT_H
| # include <stdint.h>
| #endif
| #ifdef HAVE_UNISTD_H
| # include <unistd.h>
| #endif
| int
| main ()
| {
| if (sizeof ((size_t)))
| 	    return 0;
|   ;
|   return 0;
| }
configure:3680: result: yes
configure:3691: checking for uint16_t
configure:3691: gcc -c -g -O2  conftest.c >&5
configure:3691: $? = 0
configure:3691: result: yes
configure:3703: checking for uint32_t
configure:3703: gcc -c -g -O2  conftest.c >&5
configure:3703: $? = 0
configure:3703: result: yes
configure:3721: checking for working alloca.h
configure:3738: gcc -o conftest -g -O2   conftest.c -lnetfilter_queue  >&5
configure:3738: $? = 0
configure:3746: result: yes
configure:3754: checking for alloca
configure:3791: gcc -o conftest -g -O2   conftest.c -lnetfilter_queue  >&5
configure:3791: $? = 0
configure:3799: result: yes
configure:3908: checking for memmove
configure:3908: gcc -o conftest -g -O2   conftest.c -lnetfilter_queue  >&5
conftest.c:47:6: warning: conflicting types for built-in function 'memmove' [enabled by default]
 char memmove ();
      ^
configure:3908: $? = 0
configure:3908: result: yes
configure:3908: checking for memset
configure:3908: gcc -o conftest -g -O2   conftest.c -lnetfilter_queue  >&5
conftest.c:48:6: warning: conflicting types for built-in function 'memset' [enabled by default]
 char memset ();
      ^
configure:3908: $? = 0
configure:3908: result: yes
configure:3908: checking for strchr
configure:3908: gcc -o conftest -g -O2   conftest.c -lnetfilter_queue  >&5
conftest.c:49:6: warning: conflicting types for built-in function 'strchr' [enabled by default]
 char strchr ();
      ^
configure:3908: $? = 0
configure:3908: result: yes
configure:3908: checking for strndup
configure:3908: gcc -o conftest -g -O2   conftest.c -lnetfilter_queue  >&5
conftest.c:50:6: warning: conflicting types for built-in function 'strndup' [enabled by default]
 char strndup ();
      ^
configure:3908: $? = 0
configure:3908: result: yes
configure:3908: checking for strtol
configure:3908: gcc -o conftest -g -O2   conftest.c -lnetfilter_queue  >&5
configure:3908: $? = 0
configure:3908: result: yes
configure:4050: creating ./config.status

## ---------------------- ##
## Running config.status. ##
## ---------------------- ##

This file was extended by dns_sift config.status 0.1, which was
generated by GNU Autoconf 2.69.  Invocation command line was

  CONFIG_FILES    = 
  CONFIG_HEADERS  = 
  CONFIG_LINKS    = 
  CONFIG_COMMANDS = 
  $ ./config.status 

on ordinateur

config.status:817: creating Makefile
config.status:817: creating start.sh
config.status:817: creating config.h

## ---------------- ##
## Cache variables. ##
## ---------------- ##

ac_cv_c_compiler_gnu=yes
ac_cv_c_int32_t=yes
ac_cv_c_uint16_t=yes
ac_cv_c_uint32_t=yes
ac_cv_env_CC_set=
ac_cv_env_CC_value=
ac_cv_env_CFLAGS_set=
ac_cv_env_CFLAGS_value=
ac_cv_env_CPPFLAGS_set=
ac_cv_env_CPPFLAGS_value=
ac_cv_env_CPP_set=
ac_cv_env_CPP_value=
ac_cv_env_LDFLAGS_set=
ac_cv_env_LDFLAGS_value=
ac_cv_env_LIBS_set=
ac_cv_env_LIBS_value=
ac_cv_env_build_alias_set=
ac_cv_env_build_alias_value=
ac_cv_env_host_alias_set=
ac_cv_env_host_alias_value=
ac_cv_env_target_alias_set=
ac_cv_env_target_alias_value=
ac_cv_func_alloca_works=yes
ac_cv_func_memmove=yes
ac_cv_func_memset=yes
ac_cv_func_strchr=yes
ac_cv_func_strndup=yes
ac_cv_func_strtol=yes
ac_cv_header_inttypes_h=yes
ac_cv_header_linux_netfilter_h=no
ac_cv_header_memory_h=yes
ac_cv_header_netinet_ip_h=yes
ac_cv_header_stdc=yes
ac_cv_header_stdint_h=yes
ac_cv_header_stdlib_h=yes
ac_cv_header_string_h=yes
ac_cv_header_strings_h=yes
ac_cv_header_sys_stat_h=yes
ac_cv_header_sys_types_h=yes
ac_cv_header_unistd_h=yes
ac_cv_lib_netfilter_queue_nfq_open=yes
ac_cv_objext=o
ac_cv_path_EGREP='/bin/grep -E'
ac_cv_path_GREP=/bin/grep
ac_cv_path_install='/usr/bin/install -c'
ac_cv_prog_CPP='gcc -E'
ac_cv_prog_ac_ct_CC=gcc
ac_cv_prog_cc_c89=
ac_cv_prog_cc_g=yes
ac_cv_type_size_t=yes
ac_cv_working_alloca_h=yes

## ----------------- ##
## Output variables. ##
## ----------------- ##

ALLOCA=''
CC='gcc'
CFLAGS='-g -O2'
CPP='gcc -E'
CPPFLAGS=''
DEFS='-DHAVE_CONFIG_H'
ECHO_C=''
ECHO_N='-n'
ECHO_T=''
EGREP='/bin/grep -E'
EXEEXT=''
GREP='/bin/grep'
INSTALL_DATA='${INSTALL} -m 644'
INSTALL_PROGRAM='${INSTALL}'
INSTALL_SCRIPT='${INSTALL}'
LDFLAGS=''
LIBOBJS=''
LIBS='-lnetfilter_queue '
LN_S='ln -s'
LTLIBOBJS=''
OBJEXT='o'
PACKAGE_BUGREPORT='theogenebucuti@my.unt.edu'
PACKAGE_NAME='dns_sift'
PACKAGE_STRING='dns_sift 0.1'
PACKAGE_TARNAME='dns_sift'
PACKAGE_URL=''
PACKAGE_VERSION='0.1'
PATH_SEPARATOR=':'
SHELL='/bin/bash'
ac_ct_CC='gcc'
bindir='${exec_prefix}/bin'
build_alias=''
datadir='${datarootdir}'
datarootdir='${prefix}/share'
docdir='${datarootdir}/doc/${PACKAGE_TARNAME}'
dvidir='${docdir}'
exec_name='./bin/dns_sift'
exec_prefix='${prefix}'
host_alias=''
htmldir='${docdir}'
includedir='${prefix}/include'
infodir='${datarootdir}/info'
lib_name='./bin/dns_sift.so'
libdir='${exec_prefix}/lib'
libexecdir='${exec_prefix}/libexec'
localedir='${datarootdir}/locale'
localstatedir='${prefix}/var'
mandir='${datarootdir}/man'
oldincludedir='/usr/include'
pdfdir='${docdir}'
prefix='/usr/local'
program_transform_name='s,x,x,'
psdir='${docdir}'
sbindir='${exec_prefix}/sbin'
sharedstatedir='${prefix}/com'
sysconfdir='${prefix}/etc'
target_alias=''

## ----------- ##
## confdefs.h. ##
## ----------- ##

/* confdefs.h */
#define PACKAGE_NAME "dns_sift"
#define PACKAGE_TARNAME "dns_sift"
#define PACKAGE_VERSION "0.1"
#define PACKAGE_STRING "dns_sift 0.1"
#define PACKAGE_BUGREPORT "theogenebucuti@my.unt.edu"
#define PACKAGE_URL ""
#define HAVE_LIBNETFILTER_QUEUE 1
#define STDC_HEADERS 1
#define HAVE_SYS_TYPES_H 1
#define HAVE_SYS_STAT_H 1
#define HAVE_STDLIB_H 1
#define HAVE_STRING_H 1
#define HAVE_MEMORY_H 1
#define HAVE_STRINGS_H 1
#define HAVE_INTTYPES_H 1
#define HAVE_STDINT_H 1
#define HAVE_UNISTD_H 1
#define HAVE_NETINET_IP_H 1
#define HAVE_STDINT_H 1
#define HAVE_ALLOCA_H 1
#define HAVE_ALLOCA 1
#define HAVE_MEMMOVE 1
#define HAVE_MEMSET 1
#define HAVE_STRCHR 1
#define HAVE_STRNDUP 1
#define HAVE_STRTOL 1
#define MODEL_SYSTEM_FLOW_THRESHOLDS 1

configure: exit 0
